Build started 3/30/2011 11:09:19 AM.
     1>Project "c:\Users\Evgheni\documents\visual studio 2010\Projects\CN4\CN4\CN4.vcxproj" on node 2 (rebuild target(s)).
     1>_PrepareForClean:
         Deleting file "Debug\CN4.lastbuildstate".
       InitializeBuildStatus:
         Touching "Debug\CN4.unsuccessfulbuild".
       ClCompile:
         C:\Program Files (x86)\Microsoft Visual Studio 10.0\VC\bin\CL.exe /c /ZI /nologo /W3 /WX- /Od /Oy- /D WIN32 /D _DEBUG /D _CONSOLE /D _UNICODE /D UNICODE /Gm /EHsc /RTC1 /MDd /GS /fp:precise /Zc:wchar_t /Zc:forScope /Fo"Debug\\" /Fd"Debug\vc100.pdb" /Gd /TP /analyze- /errorReport:prompt main.cpp MatriceRara.cpp
         MatriceRara.cpp
     1>c:\users\evgheni\documents\visual studio 2010\projects\cn4\cn4\matricerara.cpp(19): warning C4996: 'strtok': This function or variable may be unsafe. Consider using strtok_s instead. To disable deprecation, use _CRT_SECURE_NO_WARNINGS. See online help for details.
                 c:\program files (x86)\microsoft visual studio 10.0\vc\include\string.h(197) : see declaration of 'strtok'
     1>c:\users\evgheni\documents\visual studio 2010\projects\cn4\cn4\matricerara.cpp(21): warning C4996: 'strtok': This function or variable may be unsafe. Consider using strtok_s instead. To disable deprecation, use _CRT_SECURE_NO_WARNINGS. See online help for details.
                 c:\program files (x86)\microsoft visual studio 10.0\vc\include\string.h(197) : see declaration of 'strtok'
         main.cpp
         Generating Code...
     1>c:\users\evgheni\documents\visual studio 2010\projects\cn4\cn4\matricerara.cpp(16): warning C4700: uninitialized local variable 'i' used
       ManifestResourceCompile:
         C:\Program Files (x86)\Microsoft SDKs\Windows\v7.0A\bin\rc.exe /nologo /fo"Debug\CN4.exe.embed.manifest.res" Debug\CN4_manifest.rc 
       Link:
         C:\Program Files (x86)\Microsoft Visual Studio 10.0\VC\bin\link.exe /ERRORREPORT:PROMPT /OUT:"c:\users\evgheni\documents\visual studio 2010\Projects\CN4\Debug\CN4.exe" /INCREMENTAL /NOLOGO kernel32.lib user32.lib gdi32.lib winspool.lib comdlg32.lib advapi32.lib shell32.lib ole32.lib oleaut32.lib uuid.lib odbc32.lib odbccp32.lib /MANIFEST /ManifestFile:"Debug\CN4.exe.intermediate.manifest" /MANIFESTUAC:"level='asInvoker' uiAccess='false'" /DEBUG /PDB:"c:\users\evgheni\documents\visual studio 2010\Projects\CN4\Debug\CN4.pdb" /SUBSYSTEM:CONSOLE /TLBID:1 /DYNAMICBASE /NXCOMPAT /IMPLIB:"c:\users\evgheni\documents\visual studio 2010\Projects\CN4\Debug\CN4.lib" /MACHINE:X86 Debug\CN4.exe.embed.manifest.res
         Debug\main.obj
         Debug\MatriceRara.obj
       Manifest:
         Deleting file "Debug\CN4.exe.embed.manifest".
         C:\Program Files (x86)\Microsoft SDKs\Windows\v7.0A\bin\mt.exe /nologo /verbose /out:"Debug\CN4.exe.embed.manifest" /manifest Debug\CN4.exe.intermediate.manifest
         C:\Program Files (x86)\Microsoft SDKs\Windows\v7.0A\bin\rc.exe /nologo /fo"Debug\CN4.exe.embed.manifest.res" Debug\CN4_manifest.rc 
       LinkEmbedManifest:
         C:\Program Files (x86)\Microsoft Visual Studio 10.0\VC\bin\link.exe /ERRORREPORT:PROMPT /OUT:"c:\users\evgheni\documents\visual studio 2010\Projects\CN4\Debug\CN4.exe" /INCREMENTAL /NOLOGO kernel32.lib user32.lib gdi32.lib winspool.lib comdlg32.lib advapi32.lib shell32.lib ole32.lib oleaut32.lib uuid.lib odbc32.lib odbccp32.lib /MANIFEST /ManifestFile:"Debug\CN4.exe.intermediate.manifest" /MANIFESTUAC:"level='asInvoker' uiAccess='false'" /DEBUG /PDB:"c:\users\evgheni\documents\visual studio 2010\Projects\CN4\Debug\CN4.pdb" /SUBSYSTEM:CONSOLE /TLBID:1 /DYNAMICBASE /NXCOMPAT /IMPLIB:"c:\users\evgheni\documents\visual studio 2010\Projects\CN4\Debug\CN4.lib" /MACHINE:X86 Debug\CN4.exe.embed.manifest.res
         Debug\main.obj
         Debug\MatriceRara.obj
         CN4.vcxproj -> c:\users\evgheni\documents\visual studio 2010\Projects\CN4\Debug\CN4.exe
       FinalizeBuildStatus:
         Deleting file "Debug\CN4.unsuccessfulbuild".
         Touching "Debug\CN4.lastbuildstate".
     1>Done Building Project "c:\Users\Evgheni\documents\visual studio 2010\Projects\CN4\CN4\CN4.vcxproj" (rebuild target(s)).

Build succeeded.

Time Elapsed 00:00:03.96
